e:\socketcpp\pc_software\pc_software\x64\release\moc_t_elascreen.obj
e:\socketcpp\pc_software\pc_software\x64\release\moc_t_tablefdc.obj
e:\socketcpp\pc_software\pc_software\x64\release\moc_t_basepage.obj
e:\socketcpp\pc_software\pc_software\x64\release\moc_t_tableviewmodel.obj
e:\socketcpp\pc_software\pc_software\x64\release\moc_t_basecomponents.obj
e:\socketcpp\pc_software\pc_software\x64\release\moc_t_updatewidget.obj
e:\socketcpp\pc_software\pc_software\x64\release\moc_pc_software.obj
e:\socketcpp\pc_software\pc_software\x64\release\moc_t_card.obj
e:\socketcpp\pc_software\pc_software\x64\release\moc_t_addfdc.obj
e:\socketcpp\pc_software\pc_software\x64\release\moc_appshow.obj
e:\socketcpp\pc_software\pc_software\x64\release\moc_t_treeview.obj
e:\socketcpp\pc_software\pc_software\x64\release\moc_t_listview.obj
e:\socketcpp\pc_software\pc_software\x64\release\moc_t_treeitem.obj
e:\socketcpp\pc_software\pc_software\x64\release\qrc_pc_software.obj
e:\socketcpp\pc_software\pc_software\x64\release\moc_t_logwidget.obj
e:\socketcpp\pc_software\pc_software\x64\release\moc_t_icon.obj
e:\socketcpp\pc_software\pc_software\x64\release\moc_t_graphics.obj
e:\socketcpp\pc_software\pc_software\x64\release\moc_t_logmodel.obj
e:\socketcpp\pc_software\pc_software\x64\release\moc_t_popup.obj
e:\socketcpp\pc_software\pc_software\x64\release\moc_t_home.obj
e:\socketcpp\pc_software\pc_software\x64\release\moc_t_tableview.obj
e:\socketcpp\pc_software\pc_software\x64\release\moc_t_about.obj
e:\socketcpp\pc_software\pc_software\x64\release\moc_t_treeviewmodel.obj
e:\socketcpp\pc_software\pc_software\x64\release\moc_t_iconmodel.obj
e:\socketcpp\pc_software\pc_software\x64\release\moc_t_setting.obj
e:\socketcpp\pc_software\pc_software\x64\release\moc_t_listviewmodel.obj
e:\socketcpp\pc_software\pc_software\x64\release\moc_t_navigation.obj
e:\socketcpp\pc_software\pc_software\x64\release\moc_t_icondelegate.obj
e:\socketcpp\pc_software\pc_software\x64\release\moc_httpmgr.obj
e:\socketcpp\pc_software\pc_software\x64\release\t_basecomponents.obj
e:\socketcpp\pc_software\pc_software\x64\release\t_elascreen.obj
e:\socketcpp\pc_software\pc_software\x64\release\main.obj
e:\socketcpp\pc_software\pc_software\x64\release\t_card.obj
e:\socketcpp\pc_software\pc_software\x64\release\t_navigation.obj
e:\socketcpp\pc_software\pc_software\x64\release\t_logmodel.obj
e:\socketcpp\pc_software\pc_software\x64\release\t_popup.obj
e:\socketcpp\pc_software\pc_software\x64\release\t_iconmodel.obj
e:\socketcpp\pc_software\pc_software\x64\release\t_tablefdc.obj
e:\socketcpp\pc_software\pc_software\x64\release\t_basepage.obj
e:\socketcpp\pc_software\pc_software\x64\release\t_tableviewmodel.obj
e:\socketcpp\pc_software\pc_software\x64\release\t_graphics.obj
e:\socketcpp\pc_software\pc_software\x64\release\t_treeview.obj
e:\socketcpp\pc_software\pc_software\x64\release\t_icon.obj
e:\socketcpp\pc_software\pc_software\x64\release\httpmgr.obj
e:\socketcpp\pc_software\pc_software\x64\release\appshow.obj
e:\socketcpp\pc_software\pc_software\x64\release\t_about.obj
e:\socketcpp\pc_software\pc_software\x64\release\t_setting.obj
e:\socketcpp\pc_software\pc_software\x64\release\t_icondelegate.obj
e:\socketcpp\pc_software\pc_software\x64\release\t_updatewidget.obj
e:\socketcpp\pc_software\pc_software\x64\release\t_listviewmodel.obj
e:\socketcpp\pc_software\pc_software\x64\release\t_tableview.obj
e:\socketcpp\pc_software\pc_software\x64\release\t_home.obj
e:\socketcpp\pc_software\pc_software\x64\release\t_treeviewmodel.obj
e:\socketcpp\pc_software\pc_software\x64\release\t_addfdc.obj
e:\socketcpp\pc_software\pc_software\x64\release\t_logwidget.obj
e:\socketcpp\pc_software\pc_software\x64\release\pc_software.obj
e:\socketcpp\pc_software\pc_software\x64\release\t_listview.obj
e:\socketcpp\pc_software\pc_software\x64\release\t_treeitem.obj
e:\socketcpp\pc_software\x64\release\pc_software.exe
e:\socketcpp\pc_software\pc_software\x64\release\moc\moc_t_addfdc.cpp
e:\socketcpp\pc_software\pc_software\x64\release\uic\ui_appshow.h
e:\socketcpp\pc_software\pc_software\x64\release\uic\ui_pc_software.h
e:\socketcpp\pc_software\pc_software\x64\release\uic\ui_t_addfdc.h
e:\socketcpp\pc_software\pc_software\x64\release\uic\ui_t_tablefdc.h
e:\socketcpp\pc_software\pc_software\x64\release\rcc\qrc_pc_software.cpp
e:\socketcpp\pc_software\pc_software\x64\release\moc\moc_pc_software.cpp
e:\socketcpp\pc_software\pc_software\x64\release\moc\moc_appshow.cpp
e:\socketcpp\pc_software\pc_software\x64\release\moc\moc_t_about.cpp
e:\socketcpp\pc_software\pc_software\x64\release\moc\moc_t_basecomponents.cpp
e:\socketcpp\pc_software\pc_software\x64\release\moc\moc_t_basepage.cpp
e:\socketcpp\pc_software\pc_software\x64\release\moc\moc_t_card.cpp
e:\socketcpp\pc_software\pc_software\x64\release\moc\moc_t_elascreen.cpp
e:\socketcpp\pc_software\pc_software\x64\release\moc\moc_t_graphics.cpp
e:\socketcpp\pc_software\pc_software\x64\release\moc\moc_t_home.cpp
e:\socketcpp\pc_software\pc_software\x64\release\moc\moc_t_icon.cpp
e:\socketcpp\pc_software\pc_software\x64\release\moc\moc_t_icondelegate.cpp
e:\socketcpp\pc_software\pc_software\x64\release\moc\moc_t_iconmodel.cpp
e:\socketcpp\pc_software\pc_software\x64\release\moc\moc_t_listview.cpp
e:\socketcpp\pc_software\pc_software\x64\release\moc\moc_t_listviewmodel.cpp
e:\socketcpp\pc_software\pc_software\x64\release\moc\moc_t_logmodel.cpp
e:\socketcpp\pc_software\pc_software\x64\release\moc\moc_t_logwidget.cpp
e:\socketcpp\pc_software\pc_software\x64\release\moc\moc_t_navigation.cpp
e:\socketcpp\pc_software\pc_software\x64\release\moc\moc_t_popup.cpp
e:\socketcpp\pc_software\pc_software\x64\release\moc\moc_t_setting.cpp
e:\socketcpp\pc_software\pc_software\x64\release\moc\moc_t_tableview.cpp
e:\socketcpp\pc_software\pc_software\x64\release\moc\moc_t_tableviewmodel.cpp
e:\socketcpp\pc_software\pc_software\x64\release\moc\moc_t_treeitem.cpp
e:\socketcpp\pc_software\pc_software\x64\release\moc\moc_t_treeview.cpp
e:\socketcpp\pc_software\pc_software\x64\release\moc\moc_t_treeviewmodel.cpp
e:\socketcpp\pc_software\pc_software\x64\release\moc\moc_t_updatewidget.cpp
e:\socketcpp\pc_software\pc_software\x64\release\moc\moc_t_tablefdc.cpp
e:\socketcpp\pc_software\pc_software\x64\release\moc\moc_httpmgr.cpp
e:\socketcpp\pc_software\pc_software\x64\release\pc_software.tlog\cl.command.1.tlog
e:\socketcpp\pc_software\pc_software\x64\release\pc_software.tlog\cl.read.1.tlog
e:\socketcpp\pc_software\pc_software\x64\release\pc_software.tlog\cl.write.1.tlog
e:\socketcpp\pc_software\pc_software\x64\release\pc_software.tlog\link.command.1.tlog
e:\socketcpp\pc_software\pc_software\x64\release\pc_software.tlog\link.read.1.tlog
e:\socketcpp\pc_software\pc_software\x64\release\pc_software.tlog\link.write.1.tlog
e:\socketcpp\pc_software\pc_software\x64\release\pc_software.tlog\moc.read.1u.tlog
e:\socketcpp\pc_software\pc_software\x64\release\pc_software.tlog\moc.write.1u.tlog
e:\socketcpp\pc_software\pc_software\x64\release\pc_software.tlog\pc_software.write.1u.tlog
e:\socketcpp\pc_software\pc_software\x64\release\pc_software.tlog\rcc.read.1u.tlog
e:\socketcpp\pc_software\pc_software\x64\release\pc_software.tlog\rcc.write.1u.tlog
e:\socketcpp\pc_software\pc_software\x64\release\pc_software.tlog\uic.read.1u.tlog
e:\socketcpp\pc_software\pc_software\x64\release\pc_software.tlog\uic.write.1u.tlog
